0 info it worked if it ends with ok
1 verbose cli [ '/usr/local/Cellar/node/5.3.0/bin/node',
1 verbose cli   '/usr/local/bin/npm',
1 verbose cli   'start' ]
2 info using npm@3.3.12
3 info using node@v5.3.0
4 verbose run-script [ 'prestart', 'start', 'poststart' ]
5 info lifecycle teachmekanji@1.0.0~prestart: teachmekanji@1.0.0
6 silly lifecycle teachmekanji@1.0.0~prestart: no script for prestart, continuing
7 info lifecycle teachmekanji@1.0.0~start: teachmekanji@1.0.0
8 verbose lifecycle teachmekanji@1.0.0~start: unsafe-perm in lifecycle true
9 verbose lifecycle teachmekanji@1.0.0~start: PATH: /usr/local/lib/node_modules/npm/bin/node-gyp-bin:/Users/thunx/staff/teachmekanji/node_modules/.bin:/Users/thunx/.rbenv/versions/2.1.0/bin/:/Users/thunx/.rbenv/bin/:/usr/local/bin:/usr/bin:/bin:/usr/sbin:/sbin
10 verbose lifecycle teachmekanji@1.0.0~start: CWD: /Users/thunx/staff/teachmekanji
11 silly lifecycle teachmekanji@1.0.0~start: Args: [ '-c',
11 silly lifecycle   'nodemon index.js --exec babel-node --presets es2015,stage-2' ]
12 info lifecycle teachmekanji@1.0.0~start: Failed to exec start script
13 verbose stack Error: teachmekanji@1.0.0 start: `nodemon index.js --exec babel-node --presets es2015,stage-2`
13 verbose stack spawn ENOENT
13 verbose stack     at ChildProcess.<anonymous> (/usr/local/lib/node_modules/npm/lib/utils/spawn.js:17:16)
13 verbose stack     at emitTwo (events.js:87:13)
13 verbose stack     at ChildProcess.emit (events.js:172:7)
13 verbose stack     at maybeClose (internal/child_process.js:818:16)
13 verbose stack     at Process.ChildProcess._handle.onexit (internal/child_process.js:211:5)
14 verbose pkgid teachmekanji@1.0.0
15 verbose cwd /Users/thunx/staff/teachmekanji
16 error Darwin 14.5.0
17 error argv "/usr/local/Cellar/node/5.3.0/bin/node" "/usr/local/bin/npm" "start"
18 error node v5.3.0
19 error npm  v3.3.12
20 error file sh
21 error code ELIFECYCLE
22 error errno ENOENT
23 error syscall spawn
24 error teachmekanji@1.0.0 start: `nodemon index.js --exec babel-node --presets es2015,stage-2`
24 error spawn ENOENT
25 error Failed at the teachmekanji@1.0.0 start script 'nodemon index.js --exec babel-node --presets es2015,stage-2'.
25 error Make sure you have the latest version of node.js and npm installed.
25 error If you do, this is most likely a problem with the teachmekanji package,
25 error not with npm itself.
25 error Tell the author that this fails on your system:
25 error     nodemon index.js --exec babel-node --presets es2015,stage-2
25 error You can get their info via:
25 error     npm owner ls teachmekanji
25 error There is likely additional logging output above.
26 verbose exit [ 1, true ]
